#
# There is insufficient memory for the Java Runtime Environment to continue.
# Native memory allocation (mmap) failed to map 8589934592 bytes. Error detail: committing reserved memory.
# Possible reasons:
#   The system is out of physical RAM or swap space
#   This process is running with CompressedOops enabled, and the Java Heap may be blocking the growth of the native heap
# Possible solutions:
#   Reduce memory load on the system
#   Increase physical memory or swap space
#   Check if swap backing store is full
#   Decrease Java heap size (-Xmx/-Xms)
#   Decrease number of Java threads
#   Decrease Java thread stack sizes (-Xss)
#   Set larger code cache with -XX:ReservedCodeCacheSize=
#   JVM is running with Zero Based Compressed Oops mode in which the Java heap is
#     placed in the first 32GB address space. The Java Heap base address is the
#     maximum limit for the native heap growth. Please use -XX:HeapBaseMinAddress
#     to set the Java Heap base and to place the Java Heap above 32GB virtual address.
# This output file may be truncated or incomplete.
#
#  Out of Memory Error (os_linux.cpp:2784), pid=22770, tid=22771
#
# JRE version:  (21.0.3+9) (build )
# Java VM: OpenJDK 64-Bit Server VM (21.0.3+9-LTS, mixed mode, sharing, tiered, compressed oops, compressed class ptrs, g1 gc, linux-amd64)
# Core dump will be written. Default location: Core dumps may be processed with "/usr/share/apport/apport -p%p -s%s -c%c -d%d -P%P -u%u -g%g -- %E" (or dumping to /workspaces/server/core.22770)
#

---------------  S U M M A R Y ------------

Command Line: -Xmx8G -Xms8G server.jar nogui

Host: AMD EPYC 7763 64-Core Processor, 2 cores, 7G, Ubuntu 20.04.6 LTS
Time: Thu Aug 15 09:41:12 2024 UTC elapsed time: 0.007082 seconds (0d 0h 0m 0s)

---------------  T H R E A D  ---------------

Current thread (0x000074d0b4027760):  JavaThread "Unknown thread" [_thread_in_vm, id=22771, stack(0x000074d0b94b1000,0x000074d0b95b2000) (1028K)]

Stack: [0x000074d0b94b1000,0x000074d0b95b2000],  sp=0x000074d0b95b04b0,  free space=1021k
Native frames: (J=compiled Java code, j=interpreted, Vv=VM code, C=native code)
V  [libjvm.so+0x10092e8]  VMError::report_and_die(int, char const*, char const*, __va_list_tag*, Thread*, unsigned char*, void*, void*, char const*, int, unsigned long)+0x2b8  (os_linux.cpp:2784)
V  [libjvm.so+0x1009cdd]
V  [libjvm.so+0x6b97bf]
V  [libjvm.so+0xd031b4]  os::pd_commit_memory_or_exit(char*, unsigned long, unsigned long, bool, char const*)+0xd4
V  [libjvm.so+0xcfc65d]  os::commit_memory_or_exit(char*, unsigned long, unsigned long, bool, char const*)+0x1d
V  [libjvm.so+0x811feb]  G1PageBasedVirtualSpace::commit(unsigned long, unsigned long)+0xfb
V  [libjvm.so+0x82847f]  G1RegionsLargerThanCommitSizeMapper::commit_regions(unsigned int, unsigned long, WorkerThreads*)+0x9f
V  [libjvm.so+0x8b8075]  HeapRegionManager::commit_regions(unsigned int, unsigned long, WorkerThreads*)+0x55
V  [libjvm.so+0x8b9ce2]  HeapRegionManager::expand(unsigned int, unsigned int, WorkerThreads*)+0x32
V  [libjvm.so+0x8b9f0e]  HeapRegionManager::expand_by(unsigned int, WorkerThreads*)+0x7e
V  [libjvm.so+0x7cc6cf]  G1CollectedHeap::expand(unsigned long, WorkerThreads*, double*)+0xff
V  [libjvm.so+0x7ccce4]  G1CollectedHeap::initialize()+0x5c4
V  [libjvm.so+0xfaa526]  universe_init()+0xd6
V  [libjvm.so+0x8d8a07]  init_globals()+0x37
V  [libjvm.so+0xf891f5]  Threads::create_vm(JavaVMInitArgs*, bool*)+0x2b5
V  [libjvm.so+0x9b442f]  JNI_CreateJavaVM+0x4f
C  [libjli.so+0x42cb]  JavaMain+0x8b
C  [libjli.so+0x7e49]  ThreadJavaMain+0x9

---------------  P R O C E S S  ---------------

Threads class SMR info:
_java_thread_list=0x000074d0bac749e0, length=0, elements={
}

Java Threads: ( => current thread )
Total: 0

Other Threads:
  0x000074d0b4051050 WorkerThread "GC Thread#0"                     [id=22772, stack(0x000074d093729000,0x000074d093829000) (1024K)]
  0x000074d0b4062610 ConcurrentGCThread "G1 Main Marker"            [id=22773, stack(0x000074d093628000,0x000074d093728000) (1024K)]
  0x000074d0b40635b0 WorkerThread "G1 Conc#0"                       [id=22774, stack(0x000074d093527000,0x000074d093627000) (1024K)]

[error occurred during error reporting (printing all threads), id 0xb, SIGSEGV (0xb) at pc=0x000074d0b9ef0720]
VM state: not at safepoint (not fully initialized)

VM Mutex/Monitor currently owned by a thread:  ([mutex/lock_event])
[0x000074d0bac4ed40] Heap_lock - owner thread: 0x000074d0b4027760

Heap address: 0x0000000600000000, size: 8192 MB, Compressed Oops mode: Zero based, Oop shift amount: 3

CDS archive(s) mapped at: [0x0000000000000000-0x0000000000000000-0x0000000000000000), size 0, SharedBaseAddress: 0x0000000800000000, ArchiveRelocationMode: 1.
Narrow klass base: 0x0000000000000000, Narrow klass shift: 0, Narrow klass range: 0x0

GC Precious Log:
 CardTable entry size: 512
 Card Set container configuration: InlinePtr #cards 4 size 8 Array Of Cards #cards 32 size 80 Howl #buckets 8 coarsen threshold 7372 Howl Bitmap #cards 1024 size 144 coarsen threshold 921 Card regions per heap region 1 cards per card region 8192

Heap:
 garbage-first heap   total 0K, used 0K [0x0000000600000000, 0x0000000800000000)
  region size 4096K, 0 young (0K), 0 survivors (0K)

[error occurred during error reporting (printing heap information), id 0xb, SIGSEGV (0xb) at pc=0x000074d0ba4b965a]
GC Heap History (0 events):
No events

Dll operation events (1 events):
Event: 0.003 Loaded shared library /usr/local/sdkman/candidates/java/21.0.3-ms/lib/libjava.so

Deoptimization events (0 events):
No events

Classes loaded (0 events):
No events

Classes unloaded (0 events):
No events

Classes redefined (0 events):
No events

Internal exceptions (0 events):
No events

ZGC Phase Switch (0 events):
No events

VM Operations (0 events):
No events

Events (1 events):
Event: 0.003 Protecting memory [0x000074d0b94b1000,0x000074d0b94b5000] with protection modes 0


Dynamic libraries:
6446527c6000-6446527c7000 r-xp 00000000 07:03 818018                     /usr/local/sdkman/candidates/java/21.0.3-ms/bin/java
6446527c8000-6446527c9000 r--p 00001000 07:03 818018                     /usr/local/sdkman/candidates/java/21.0.3-ms/bin/java
6446527c9000-6446527ca000 rw-p 00002000 07:03 818018                     /usr/local/sdkman/candidates/java/21.0.3-ms/bin/java
644654650000-644654696000 rw-p 00000000 00:00 0                          [heap]
74d084000000-74d084021000 rw-p 00000000 00:00 0 
74d084021000-74d088000000 ---p 00000000 00:00 0 
74d088000000-74d088021000 rw-p 00000000 00:00 0 
74d088021000-74d08c000000 ---p 00000000 00:00 0 
74d08c000000-74d08c021000 rw-p 00000000 00:00 0 
74d08c021000-74d090000000 ---p 00000000 00:00 0 
74d090ec3000-74d093526000 rw-p 00000000 00:00 0 
74d093526000-74d093527000 ---p 00000000 00:00 0 
74d093527000-74d093627000 rw-p 00000000 00:00 0 
74d093627000-74d093628000 ---p 00000000 00:00 0 
74d093628000-74d093728000 rw-p 00000000 00:00 0 
74d093728000-74d093729000 ---p 00000000 00:00 0 
74d093729000-74d0938af000 rw-p 00000000 00:00 0 
74d0938af000-74d09c8af000 ---p 00000000 00:00 0 
74d09c8af000-74d09cb1f000 rwxp 00000000 00:00 0 
74d09cb1f000-74d0a3de7000 ---p 00000000 00:00 0 
74d0a3de7000-74d0a4057000 rwxp 00000000 00:00 0 
74d0a4057000-74d0a4376000 ---p 00000000 00:00 0 
74d0a4376000-74d0a45e6000 rwxp 00000000 00:00 0 
74d0a45e6000-74d0ab8af000 ---p 00000000 00:00 0 
74d0ab8af000-74d0b4000000 r--s 00000000 07:03 818504                     /usr/local/sdkman/candidates/java/21.0.3-ms/lib/modules
74d0b4000000-74d0b4079000 rw-p 00000000 00:00 0 
74d0b4079000-74d0b8000000 ---p 00000000 00:00 0 
74d0b802b000-74d0b902b000 ---p 00000000 00:00 0 
74d0b902b000-74d0b9273000 rw-p 00000000 00:00 0 
74d0b9273000-74d0b9359000 ---p 00000000 00:00 0 
74d0b9359000-74d0b935e000 rw-p 00000000 00:00 0 
74d0b935e000-74d0b9444000 ---p 00000000 00:00 0 
74d0b9444000-74d0b9449000 rw-p 00000000 00:00 0 
74d0b9449000-74d0b9450000 ---p 00000000 00:00 0 
74d0b9450000-74d0b9470000 r-xp 00000000 07:03 818479                     /usr/local/sdkman/candidates/java/21.0.3-ms/lib/libjava.so
74d0b9470000-74d0b9471000 ---p 00020000 07:03 818479                     /usr/local/sdkman/candidates/java/21.0.3-ms/lib/libjava.so
74d0b9471000-74d0b9472000 r--p 00020000 07:03 818479                     /usr/local/sdkman/candidates/java/21.0.3-ms/lib/libjava.so
74d0b9472000-74d0b9473000 rw-p 00021000 07:03 818479                     /usr/local/sdkman/candidates/java/21.0.3-ms/lib/libjava.so
74d0b9473000-74d0b9474000 rw-p 00000000 00:00 0 
74d0b9474000-74d0b9477000 r--p 00000000 07:03 525291                     /usr/lib/x86_64-linux-gnu/libnss_files-2.31.so
74d0b9477000-74d0b947e000 r-xp 00003000 07:03 525291                     /usr/lib/x86_64-linux-gnu/libnss_files-2.31.so
74d0b947e000-74d0b9480000 r--p 0000a000 07:03 525291                     /usr/lib/x86_64-linux-gnu/libnss_files-2.31.so
74d0b9480000-74d0b9481000 r--p 0000b000 07:03 525291                     /usr/lib/x86_64-linux-gnu/libnss_files-2.31.so
74d0b9481000-74d0b9482000 rw-p 0000c000 07:03 525291                     /usr/lib/x86_64-linux-gnu/libnss_files-2.31.so
74d0b9482000-74d0b9488000 rw-p 00000000 00:00 0 
74d0b9492000-74d0b94ad000 r-xp 00000000 07:03 818483                     /usr/local/sdkman/candidates/java/21.0.3-ms/lib/libjimage.so
74d0b94ad000-74d0b94ae000 ---p 0001b000 07:03 818483                     /usr/local/sdkman/candidates/java/21.0.3-ms/lib/libjimage.so
74d0b94ae000-74d0b94b0000 r--p 0001b000 07:03 818483                     /usr/local/sdkman/candidates/java/21.0.3-ms/lib/libjimage.so
74d0b94b0000-74d0b94b1000 rw-p 0001d000 07:03 818483                     /usr/local/sdkman/candidates/java/21.0.3-ms/lib/libjimage.so
74d0b94b1000-74d0b94b5000 ---p 00000000 00:00 0 
74d0b94b5000-74d0b95b2000 rw-p 00000000 00:00 0 
74d0b95b2000-74d0b95bf000 r--p 00000000 07:03 525268                     /usr/lib/x86_64-linux-gnu/libm-2.31.so
74d0b95bf000-74d0b9666000 r-xp 0000d000 07:03 525268                     /usr/lib/x86_64-linux-gnu/libm-2.31.so
74d0b9666000-74d0b96ff000 r--p 000b4000 07:03 525268                     /usr/lib/x86_64-linux-gnu/libm-2.31.so
74d0b96ff000-74d0b9700000 r--p 0014c000 07:03 525268                     /usr/lib/x86_64-linux-gnu/libm-2.31.so
74d0b9700000-74d0b9701000 rw-p 0014d000 07:03 525268                     /usr/lib/x86_64-linux-gnu/libm-2.31.so
74d0b9701000-74d0b9703000 r--p 00000000 07:03 525324                     /usr/lib/x86_64-linux-gnu/librt-2.31.so
74d0b9703000-74d0b9707000 r-xp 00002000 07:03 525324                     /usr/lib/x86_64-linux-gnu/librt-2.31.so
74d0b9707000-74d0b9709000 r--p 00006000 07:03 525324                     /usr/lib/x86_64-linux-gnu/librt-2.31.so
74d0b9709000-74d0b970a000 r--p 00007000 07:03 525324                     /usr/lib/x86_64-linux-gnu/librt-2.31.so
74d0b970a000-74d0b970b000 rw-p 00008000 07:03 525324                     /usr/lib/x86_64-linux-gnu/librt-2.31.so
74d0b970b000-74d0bab1c000 r-xp 00000000 07:03 818516                     /usr/local/sdkman/candidates/java/21.0.3-ms/lib/server/libjvm.so
74d0bab1c000-74d0babed000 r--p 01410000 07:03 818516                     /usr/local/sdkman/candidates/java/21.0.3-ms/lib/server/libjvm.so
74d0babed000-74d0bac1d000 rw-p 014e1000 07:03 818516                     /usr/local/sdkman/candidates/java/21.0.3-ms/lib/server/libjvm.so
74d0bac1d000-74d0bac85000 rw-p 00000000 00:00 0 
74d0bac85000-74d0baca7000 r--p 00000000 07:03 525226                     /usr/lib/x86_64-linux-gnu/libc-2.31.so
74d0baca7000-74d0bae1f000 r-xp 00022000 07:03 525226                     /usr/lib/x86_64-linux-gnu/libc-2.31.so
74d0bae1f000-74d0bae6d000 r--p 0019a000 07:03 525226                     /usr/lib/x86_64-linux-gnu/libc-2.31.so
74d0bae6d000-74d0bae71000 r--p 001e7000 07:03 525226                     /usr/lib/x86_64-linux-gnu/libc-2.31.so
74d0bae71000-74d0bae73000 rw-p 001eb000 07:03 525226                     /usr/lib/x86_64-linux-gnu/libc-2.31.so
74d0bae73000-74d0bae77000 rw-p 00000000 00:00 0 
74d0bae77000-74d0bae78000 r--p 00000000 07:03 525237                     /usr/lib/x86_64-linux-gnu/libdl-2.31.so
74d0bae78000-74d0bae7a000 r-xp 00001000 07:03 525237                     /usr/lib/x86_64-linux-gnu/libdl-2.31.so
74d0bae7a000-74d0bae7b000 r--p 00003000 07:03 525237                     /usr/lib/x86_64-linux-gnu/libdl-2.31.so
74d0bae7b000-74d0bae7c000 r--p 00003000 07:03 525237                     /usr/lib/x86_64-linux-gnu/libdl-2.31.so
74d0bae7c000-74d0bae7d000 rw-p 00004000 07:03 525237                     /usr/lib/x86_64-linux-gnu/libdl-2.31.so
74d0bae7d000-74d0bae83000 r--p 00000000 07:03 525320                     /usr/lib/x86_64-linux-gnu/libpthread-2.31.so
74d0bae83000-74d0bae94000 r-xp 00006000 07:03 525320                     /usr/lib/x86_64-linux-gnu/libpthread-2.31.so
74d0bae94000-74d0bae9a000 r--p 00017000 07:03 525320                     /usr/lib/x86_64-linux-gnu/libpthread-2.31.so
74d0bae9a000-74d0bae9b000 r--p 0001c000 07:03 525320                     /usr/lib/x86_64-linux-gnu/libpthread-2.31.so
74d0bae9b000-74d0bae9c000 rw-p 0001d000 07:03 525320                     /usr/lib/x86_64-linux-gnu/libpthread-2.31.so
74d0bae9c000-74d0baea0000 rw-p 00000000 00:00 0 
74d0baea0000-74d0baeae000 r-xp 00000000 07:03 818484                     /usr/local/sdkman/candidates/java/21.0.3-ms/lib/libjli.so
74d0baeae000-74d0baeaf000 ---p 0000e000 07:03 818484                     /usr/local/sdkman/candidates/java/21.0.3-ms/lib/libjli.so
74d0baeaf000-74d0baeb0000 r--p 0000e000 07:03 818484                     /usr/local/sdkman/candidates/java/21.0.3-ms/lib/libjli.so
74d0baeb0000-74d0baeb1000 rw-p 0000f000 07:03 818484                     /usr/local/sdkman/candidates/java/21.0.3-ms/lib/libjli.so
74d0baeb1000-74d0baeb3000 r--p 00000000 07:03 525356                     /usr/lib/x86_64-linux-gnu/libz.so.1.2.11
74d0baeb3000-74d0baec4000 r-xp 00002000 07:03 525356                     /usr/lib/x86_64-linux-gnu/libz.so.1.2.11
74d0baec4000-74d0baeca000 r--p 00013000 07:03 525356                     /usr/lib/x86_64-linux-gnu/libz.so.1.2.11
74d0baeca000-74d0baecb000 ---p 00019000 07:03 525356                     /usr/lib/x86_64-linux-gnu/libz.so.1.2.11
74d0baecb000-74d0baecc000 r--p 00019000 07:03 525356                     /usr/lib/x86_64-linux-gnu/libz.so.1.2.11
74d0baecc000-74d0baecd000 rw-p 0001a000 07:03 525356                     /usr/lib/x86_64-linux-gnu/libz.so.1.2.11
74d0baecd000-74d0baed5000 rw-s 00000000 08:11 1572877                    /tmp/hsperfdata_codespace/22770
74d0baed5000-74d0baed6000 ---p 00000000 00:00 0 
74d0baed6000-74d0baed7000 r--p 00000000 00:00 0 
74d0baed7000-74d0baed9000 rw-p 00000000 00:00 0 
74d0baed9000-74d0baeda000 r--p 00000000 07:03 525204                     /usr/lib/x86_64-linux-gnu/ld-2.31.so
74d0baeda000-74d0baefd000 r-xp 00001000 07:03 525204                     /usr/lib/x86_64-linux-gnu/ld-2.31.so
74d0baefd000-74d0baf05000 r--p 00024000 07:03 525204                     /usr/lib/x86_64-linux-gnu/ld-2.31.so
74d0baf05000-74d0baf06000 ---p 00000000 00:00 0 
74d0baf06000-74d0baf07000 r--p 0002c000 07:03 525204                     /usr/lib/x86_64-linux-gnu/ld-2.31.so
74d0baf07000-74d0baf08000 rw-p 0002d000 07:03 525204                     /usr/lib/x86_64-linux-gnu/ld-2.31.so
74d0baf08000-74d0baf09000 rw-p 00000000 00:00 0 
7ffd0b8db000-7ffd0b8fd000 rw-p 00000000 00:00 0                          [stack]
7ffd0b985000-7ffd0b989000 r--p 00000000 00:00 0                          [vvar]
7ffd0b989000-7ffd0b98b000 r-xp 00000000 00:00 0                          [vdso]
ffffffffff600000-ffffffffff601000 --xp 00000000 00:00 0                  [vsyscall]
Total number of mappings: 107


VM Arguments:
jvm_args: -Xmx8G -Xms8G 
java_command: server.jar nogui
java_class_path (initial): server.jar
Launcher Type: SUN_STANDARD

[Global flags]
     intx CICompilerCount                          = 2                                         {product} {ergonomic}
     uint ConcGCThreads                            = 1                                         {product} {ergonomic}
     uint G1ConcRefinementThreads                  = 2                                         {product} {ergonomic}
   size_t G1HeapRegionSize                         = 4194304                                   {product} {ergonomic}
    uintx GCDrainStackTargetSize                   = 64                                        {product} {ergonomic}
   size_t InitialHeapSize                          = 8589934592                                {product} {command line}
   size_t MarkStackSize                            = 4194304                                   {product} {ergonomic}
   size_t MaxHeapSize                              = 8589934592                                {product} {command line}
   size_t MinHeapDeltaBytes                        = 4194304                                   {product} {ergonomic}
   size_t MinHeapSize                              = 8589934592                                {product} {command line}
    uintx NonNMethodCodeHeapSize                   = 5826188                                {pd product} {ergonomic}
    uintx NonProfiledCodeHeapSize                  = 122916026                              {pd product} {ergonomic}
    uintx ProfiledCodeHeapSize                     = 122916026                              {pd product} {ergonomic}
    uintx ReservedCodeCacheSize                    = 251658240                              {pd product} {ergonomic}
     bool SegmentedCodeCache                       = true                                      {product} {ergonomic}
   size_t SoftMaxHeapSize                          = 8589934592                             {manageable} {ergonomic}
     bool UseCompressedOops                        = true                           {product lp64_product} {ergonomic}
     bool UseG1GC                                  = true                                      {product} {ergonomic}

Logging:
Log output configuration:
 #0: stdout all=warning uptime,level,tags foldmultilines=false
 #1: stderr all=off uptime,level,tags foldmultilines=false

Environment Variables:
JAVA_HOME=/usr/local/sdkman/candidates/java/current
PATH=/usr/local/rvm/gems/ruby-3.2.4/bin:/usr/local/rvm/gems/ruby-3.2.4@global/bin:/usr/local/rvm/rubies/ruby-3.2.4/bin:/vscode/bin/linux-x64/eaa41d57266683296de7d118f574d0c2652e1fc4/bin/remote-cli:/home/codespace/.local/bin:/home/codespace/.dotnet:/home/codespace/nvm/current/bin:/home/codespace/.php/current/bin:/home/codespace/.python/current/bin:/home/codespace/java/current/bin:/home/codespace/.ruby/current/bin:/home/codespace/.local/bin:/usr/local/python/current/bin:/usr/local/py-utils/bin:/usr/local/oryx:/usr/local/go/bin:/go/bin:/usr/local/sdkman/bin:/usr/local/sdkman/candidates/java/current/bin:/usr/local/sdkman/candidates/gradle/current/bin:/usr/local/sdkman/candidates/maven/current/bin:/usr/local/sdkman/candidates/ant/current/bin:/usr/local/rvm/gems/default/bin:/usr/local/rvm/gems/default@global/bin:/usr/local/rvm/rubies/default/bin:/usr/local/share/rbenv/bin:/usr/local/php/current/bin:/opt/conda/bin:/usr/local/nvs:/usr/local/share/nvm/versions/node/v20.15.1/bin:/usr/local/hugo/bin:/usr/local/sbin:/usr/local/bin:/usr/sbin:/usr/bin:/sbin:/bin:/usr/share/dotnet:/home/codespace/.dotnet/tools:/usr/local/rvm/bin
SHELL=/bin/bash
LANG=C.UTF-8
TERM=xterm-256color

Active Locale:
LC_ALL=C
LC_COLLATE=C
LC_CTYPE=C
LC_MESSAGES=C
LC_MONETARY=C
LC_NUMERIC=C
LC_TIME=C

Signal Handlers:
   SIGSEGV: crash_handler in libjvm.so, mask=11100100010111111101111111111110, flags=SA_RESTART|SA_SIGINFO, unblocked
    SIGBUS: crash_handler in libjvm.so, mask=11100100010111111101111111111110, flags=SA_RESTART|SA_SIGINFO, unblocked
    SIGFPE: crash_handler in libjvm.so, mask=11100100010111111101111111111110, flags=SA_RESTART|SA_SIGINFO, unblocked
   SIGPIPE: javaSignalHandler in libjvm.so, mask=11100100010111111101111111111110, flags=SA_RESTART|SA_SIGINFO, blocked
   SIGXFSZ: javaSignalHandler in libjvm.so, mask=11100100010111111101111111111110, flags=SA_RESTART|SA_SIGINFO, blocked
    SIGILL: crash_handler in libjvm.so, mask=11100100010111111101111111111110, flags=SA_RESTART|SA_SIGINFO, unblocked
   SIGUSR2: SR_handler in libjvm.so, mask=00000000000000000000000000000000, flags=SA_RESTART|SA_SIGINFO, blocked
    SIGHUP: SIG_DFL, mask=00000000000000000000000000000000, flags=none, blocked
    SIGINT: SIG_DFL, mask=00000000000000000000000000000000, flags=none, blocked
   SIGTERM: SIG_DFL, mask=00000000000000000000000000000000, flags=none, blocked
   SIGQUIT: UserHandler in libjvm.so, mask=11100100010111111101111111111110, flags=SA_RESTART|SA_SIGINFO, blocked
   SIGTRAP: crash_handler in libjvm.so, mask=11100100010111111101111111111110, flags=SA_RESTART|SA_SIGINFO, unblocked


Periodic native trim disabled

---------------  S Y S T E M  ---------------

OS:
DISTRIB_ID=Ubuntu
DISTRIB_RELEASE=20.04
DISTRIB_CODENAME=focal
DISTRIB_DESCRIPTION="Ubuntu 20.04.6 LTS"
uname: Linux 6.5.0-1022-azure #23~22.04.1-Ubuntu SMP Thu May  9 17:59:24 UTC 2024 x86_64
OS uptime: 0 days 0:52 hours
libc: glibc 2.31 NPTL 2.31 
rlimit (soft/hard): STACK 8192k/infinity , CORE infinity/infinity , NPROC infinity/infinity , NOFILE 1048576/1048576 , AS infinity/infinity , CPU infinity/infinity , DATA infinity/infinity , FSIZE infinity/infinity , MEMLOCK 8192k/8192k
load average: 0.87 1.24 1.07

/proc/meminfo:
MemTotal:        8119864 kB
MemFree:         5680520 kB
MemAvailable:    6459632 kB
Buffers:           46364 kB
Cached:           972432 kB
SwapCached:            0 kB
Active:           618576 kB
Inactive:        1481172 kB
Active(anon):     398680 kB
Inactive(anon):   752888 kB
Active(file):     219896 kB
Inactive(file):   728284 kB
Unevictable:       27832 kB
Mlocked:           27832 kB
SwapTotal:             0 kB
SwapFree:              0 kB
Zswap:                 0 kB
Zswapped:              0 kB
Dirty:               440 kB
Writeback:             0 kB
AnonPages:       1083824 kB
Mapped:           276384 kB
Shmem:             61516 kB
KReclaimable:     119564 kB
Slab:             189404 kB
SReclaimable:     119564 kB
SUnreclaim:        69840 kB
KernelStack:        5648 kB
PageTables:        15664 kB
SecPageTables:         0 kB
NFS_Unstable:          0 kB
Bounce:                0 kB
WritebackTmp:          0 kB
CommitLimit:     4059932 kB
Committed_AS:    2796656 kB
VmallocTotal:   34359738367 kB
VmallocUsed:       39680 kB
VmallocChunk:          0 kB
Percpu:             1096 kB
HardwareCorrupted:     0 kB
AnonHugePages:    448512 kB
ShmemHugePages:        0 kB
ShmemPmdMapped:        0 kB
FileHugePages:         0 kB
FilePmdMapped:         0 kB
Unaccepted:            0 kB
HugePages_Total:       0
HugePages_Free:        0
HugePages_Rsvd:        0
HugePages_Surp:        0
Hugepagesize:       2048 kB
Hugetlb:               0 kB
DirectMap4k:      100288 kB
DirectMap2M:     4093952 kB
DirectMap1G:     6291456 kB

/sys/kernel/mm/transparent_hugepage/enabled: [always] madvise never
/sys/kernel/mm/transparent_hugepage/hpage_pmd_size: 2097152
/sys/kernel/mm/transparent_hugepage/defrag (defrag/compaction efforts parameter): always defer defer+madvise [madvise] never

Process Memory:
Virtual Size: 885256K (peak: 9269380K)
Resident Set Size: 20224K (peak: 20224K) (anon: 6784K, file: 13440K, shmem: 0K)
Swapped out: 0K
C-Heap outstanding allocations: 9690K, retained: 605K
glibc malloc tunables: (default)

/proc/sys/kernel/threads-max (system-wide limit on the number of threads): 63387
/proc/sys/vm/max_map_count (maximum number of memory map areas a process may have): 65530
/proc/sys/kernel/pid_max (system-wide limit on number of process identifiers): 4194304

container (cgroup) information:
container_type: cgroupv2
cpu_cpuset_cpus: not supported
cpu_memory_nodes: not supported
active_processor_count: 2
cpu_quota: no quota
cpu_period: 100000
cpu_shares: no shares
memory_limit_in_bytes: unlimited
memory_and_swap_limit_in_bytes: unlimited
memory_soft_limit_in_bytes: unlimited
memory_usage_in_bytes: 854540 k
memory_max_usage_in_bytes: not supported
memory_swap_current_in_bytes: unlimited
memory_swap_max_limit_in_bytes: unlimited
maximum number of tasks: unlimited
current number of tasks: 90

Hyper-V virtualization detected
Steal ticks since vm start: 0
Steal ticks percentage since vm start:  0.000

CPU: total 2 (initial active 2) (16 cores per cpu, 2 threads per core) family 25 model 1 stepping 1 microcode 0xffffffff, cx8, cmov, fxsr, ht, mmx, 3dnowpref, sse, sse2, sse3, ssse3, sse4a, sse4.1, sse4.2, popcnt, lzcnt, tsc, tscinvbit, avx, avx2, aes, erms, clmul, bmi1, bmi2, adx, sha, fma, vzeroupper, clflush, clflushopt, hv, rdtscp, rdpid, fsrm, f16c, cet_ss
CPU Model and flags from /proc/cpuinfo:
model name	: AMD EPYC 7763 64-Core Processor
flags		: fpu vme de pse tsc msr pae mce cx8 apic sep mtrr pge mca cmov pat pse36 clflush mmx fxsr sse sse2 ht syscall nx mmxext fxsr_opt pdpe1gb rdtscp lm constant_tsc rep_good nopl tsc_reliable nonstop_tsc cpuid extd_apicid aperfmperf pni pclmulqdq ssse3 fma cx16 pcid sse4_1 sse4_2 movbe popcnt aes xsave avx f16c rdrand hypervisor lahf_lm cmp_legacy svm cr8_legacy abm sse4a misalignsse 3dnowprefetch osvw topoext invpcid_single vmmcall fsgsbase bmi1 avx2 smep bmi2 erms invpcid rdseed adx smap clflushopt clwb sha_ni xsaveopt xsavec xgetbv1 xsaves clzero xsaveerptr rdpru arat npt nrip_save tsc_scale vmcb_clean flushbyasid decodeassists pausefilter pfthreshold v_vmsave_vmload umip vaes vpclmulqdq rdpid fsrm

Online cpus: 0-1
Offline cpus: 
BIOS frequency limitation: <Not Available>
Frequency switch latency (ns): <Not Available>
Available cpu frequencies: <Not Available>
Current governor: <Not Available>
Core performance/turbo boost: <Not Available>

Memory: 4k page, physical 8119864k(6459632k free), swap 0k(0k free)
Page Sizes: 4k

vm_info: OpenJDK 64-Bit Server VM (21.0.3+9-LTS) for linux-amd64 JRE (21.0.3+9-LTS), built on 2024-04-10T01:29:19Z by "MicrosoftCorporation" with gcc 11.3.0

END.
