[23:02:19] [main/INFO]: Loading Minecraft 1.20.1 with Fabric Loader 0.15.3
[23:02:19] [main/INFO]: Loading 4 mods:
	- fabricloader 0.15.3
	   \-- mixinextras 0.3.2
	- java 21
	- minecraft 1.20.1
[23:02:19] [main/INFO]: SpongePowered MIXIN Subsystem Version=0.8.5 Source=file:/workspaces/minecraft-sever/libraries/net/fabricmc/sponge-mixin/0.12.5+mixin.0.8.5/sponge-mixin-0.12.5+mixin.0.8.5.jar Service=Knot/Fabric Env=SERVER
[23:02:28] [main/INFO]: Environment: authHost='https://authserver.mojang.com', accountsHost='https://api.mojang.com', sessionHost='https://sessionserver.mojang.com', servicesHost='https://api.minecraftservices.com', name='PROD'
[23:02:31] [main/INFO]: Loaded 7 recipes
[23:02:32] [main/INFO]: Loaded 1271 advancements
[23:02:32] [Server thread/INFO]: Starting minecraft server version 1.20.1
[23:02:32] [Server thread/INFO]: Loading properties
[23:02:32] [Server thread/INFO]: Default game type: SURVIVAL
[23:02:32] [Server thread/INFO]: Generating keypair
[23:02:33] [Server thread/INFO]: Starting Minecraft server on *:25565
[23:02:33] [Server thread/INFO]: Using epoll channel type
[23:02:33] [Server thread/INFO]: Preparing level "world"
[23:02:41] [Server thread/INFO]: Preparing start region for dimension minecraft:overworld
[23:02:46] [Worker-Main-1/INFO]: Preparing spawn area: 0%
[23:02:46] [Worker-Main-1/INFO]: Preparing spawn area: 0%
[23:02:46] [Worker-Main-1/INFO]: Preparing spawn area: 0%
[23:02:46] [Worker-Main-1/INFO]: Preparing spawn area: 0%
[23:02:46] [Worker-Main-1/INFO]: Preparing spawn area: 0%
[23:02:46] [Worker-Main-1/INFO]: Preparing spawn area: 0%
[23:02:46] [Worker-Main-1/INFO]: Preparing spawn area: 0%
[23:02:46] [Worker-Main-1/INFO]: Preparing spawn area: 0%
[23:02:46] [Worker-Main-1/INFO]: Preparing spawn area: 0%
[23:02:46] [Worker-Main-1/INFO]: Preparing spawn area: 0%
[23:02:46] [Worker-Main-1/INFO]: Preparing spawn area: 0%
[23:02:47] [Worker-Main-1/INFO]: Preparing spawn area: 0%
[23:02:47] [Server thread/INFO]: Time elapsed: 6291 ms
[23:02:47] [Server thread/INFO]: Done (14.544s)! For help, type "help"
[23:04:56] [Server thread/INFO]: Stopping the server
[23:04:56] [Server thread/INFO]: Stopping server
[23:04:56] [Server thread/INFO]: Saving players
[23:04:56] [Server thread/INFO]: Saving worlds
[23:04:57] [Server thread/INFO]: Saving chunks for level 'ServerLevel[world]'/minecraft:overworld
[23:05:13] [Server thread/INFO]: Saving chunks for level 'ServerLevel[world]'/minecraft:the_end
[23:05:13] [Server thread/INFO]: Saving chunks for level 'ServerLevel[world]'/minecraft:the_nether
[23:05:13] [Server thread/INFO]: ThreadedAnvilChunkStorage (world): All chunks are saved
[23:05:13] [Server thread/INFO]: ThreadedAnvilChunkStorage (DIM1): All chunks are saved
[23:05:13] [Server thread/INFO]: ThreadedAnvilChunkStorage (DIM-1): All chunks are saved
[23:05:13] [Server thread/INFO]: ThreadedAnvilChunkStorage: All dimensions are saved
