11:15 Panda_SS  : ریلود شد
11:16 Panda_SS  : الان بزن پلاگین ببین
11:17 Panda_SS  : پینگ نپگا
11:17 ArtinLand : من انکبوتم
11:17 ArtinLand : عه
11:17 ArtinLand : 6 تایی چراچ
11:17 Panda_SS  : XDDDDDD
11:17 ArtinLand : يی
11:17 Panda_SS  : سمه نه؟
11:17 ArtinLand : xd
11:17 Panda_SS  : من میرم اندر من بشم
11:17 ArtinLand : خیلی باحاله
11:18 Panda_SS  : برو اندر من بشو چقد تخمیه
11:18 Panda_SS  : من اسکلتون با عنکبوتم
11:18 ArtinLand : f4 بزن رو اندرمن
11:18 Panda_SS  : اها
11:18 ArtinLand : حال کردی
11:19 Panda_SS  : من توی انکبوتم
11:19 ArtinLand : موجانگ فکر اینجاش هم کرده
11:19 Panda_SS  : الان عمو بیگ میاد
11:20 ArtinLand : هک کنم اکنتشو
11:20 ArtinLand : من میرم با مهدی بیزیکسر میام
11:21 Panda_SS  : :/
11:22 Panda_SS  : مهدی بیزیکسر هم ادمیه میای
11:22 mahdibizixerr: سلام دوستان مهدی بیزکسر هستم چطوریدد
11:22 mahdibizixerr: xd
11:22 mahdibizixerr: از عمو بیگ معروف تره
11:22 Panda_SS     : خب برو با اکانت خودت بیا
11:22 mahdibizixerr: اوپی کن منو
11:24 Panda_SS     : [16:39:22 ERROR]: Error occurred while enabling FakePlayer v2.1.0 (Is it up to date?)java.lang.ExceptionInInitializerError: nullat java.lang.J9VMInternals.ensureError(J9VMInternals.java:206) ~[?:?]at java.lang.J9VMInternals.recordInitializationFailure(J9VM
11:24 Panda_SS     : [16:39:22 ERROR]: Error occurred while enabling FakePlayer v2.1.0 (Is it up to date?)java.lang.ExceptionInInitializerError: nullat java.lang.J9VMInternals.ensureError(J9VMInternals.java:206) ~[?:?]at java.lang.J9VMInternals.recordInitializationFailure(J9VM
11:24 Panda_SS     : [16:39:22 ERROR]: Error occurred while enabling FakePlayer v2.1.0 (Is it up to date?)java.lang.ExceptionInInitializerError: nullat java.lang.J9VMInternals.ensureError(J9VMInternals.java:206) ~[?:?]at java.lang.J9VMInternals.recordInitializationFailure(J9VM
11:24 Panda_SS     : [16:39:22 ERROR]: Error occurred while enabling FakePlayer v2.1.0 (Is it up to date?)java.lang.ExceptionInInitializerError: nullat java.lang.J9VMInternals.ensureError(J9VMInternals.java:206) ~[?:?]at java.lang.J9VMInternals.recordInitializationFailure(J9VM
11:24 Panda_SS     : [16:39:22 ERROR]: Error occurred while enabling FakePlayer v2.1.0 (Is it up to date?)java.lang.ExceptionInInitializerError: nullat java.lang.J9VMInternals.ensureError(J9VMInternals.java:206) ~[?:?]at java.lang.J9VMInternals.recordInitializationFailure(J9VM
11:24 Panda_SS     : [16:39:22 ERROR]: Error occurred while enabling FakePlayer v2.1.0 (Is it up to date?)java.lang.ExceptionInInitializerError: nullat java.lang.J9VMInternals.ensureError(J9VMInternals.java:206) ~[?:?]at java.lang.J9VMInternals.recordInitializationFailure(J9VM
11:24 Panda_SS     : [16:39:22 ERROR]: Error occurred while enabling FakePlayer v2.1.0 (Is it up to date?)java.lang.ExceptionInInitializerError: nullat java.lang.J9VMInternals.ensureError(J9VMInternals.java:206) ~[?:?]at java.lang.J9VMInternals.recordInitializationFailure(J9VM
11:24 Panda_SS     : [16:39:22 ERROR]: Error occurred while enabling FakePlayer v2.1.0 (Is it up to date?)java.lang.ExceptionInInitializerError: nullat java.lang.J9VMInternals.ensureError(J9VMInternals.java:206) ~[?:?]at java.lang.J9VMInternals.recordInitializationFailure(J9VM
11:24 Panda_SS     : [16:39:22 ERROR]: Error occurred while enabling FakePlayer v2.1.0 (Is it up to date?)java.lang.ExceptionInInitializerError: nullat java.lang.J9VMInternals.ensureError(J9VMInternals.java:206) ~[?:?]at java.lang.J9VMInternals.recordInitializationFailure(J9VM
11:24 Panda_SS     : [16:39:22 ERROR]: Error occurred while enabling FakePlayer v2.1.0 (Is it up to date?)java.lang.ExceptionInInitializerError: nullat java.lang.J9VMInternals.ensureError(J9VMInternals.java:206) ~[?:?]at java.lang.J9VMInternals.recordInitializationFailure(J9VM
11:27 ArtinLandd   : اسکنم چرا لود نی
11:27 Panda_SS     : کلایم کردم
11:28 Panda_SS     : ارتین
11:29 Panda_SS     : با اکانت دیگت امدی خب
11:29 Panda_SS     : دوتا د داره اسمت
11:29 Panda_SS     : ارتین
11:29 ArtinLandd   : منو اوپی کن
11:30 Panda_SS     : دوتا د داره اسمت
11:30 ArtinLandd   : فارهههههههههههههههههههههههههههههه
11:30 Panda_SS     : چیه
11:31 Panda_SS     : ارتین
11:31 ArtinLandd   : ها
11:31 Panda_SS     : برو با اکانت خودت بیا
11:31 ArtinLandd   : نمیتونم
11:31 ArtinLandd   : لاک شده
11:31 Panda_SS     : برای چی
11:31 ArtinLandd   : نمیدونم وایسا الان میام
11:37 Panda_SS     : اها
11:37 ArtinLand    : بلخره
11:37 Panda_SS     : خب ان لاگین بریزم تا کسی نیومده
11:37 ArtinLand    : اره
11:37 Panda_SS     : بیا فقط پلاگین پیدا کنیم
11:38 ArtinLand    : منو تراست میدی
11:38 Panda_SS     : چرا میخوای خودتو تراست بدی
11:38 Panda_SS     : اها
11:38 ArtinLand    : xd
11:38 Panda_SS     : کامند تراست داری میزنی دارمک میبینم توی کنسول
11:38 ArtinLand    : xd
11:39 Panda_SS     : صب کن پلاگین لاگین بریزم با پلاگین گذاشتن ایماجی در سرور
11:39 ArtinLand    : تو هم تراست دادم اون وسط xd
11:39 ArtinLand    : XD
11:39 Panda_SS     : اره دیدم
11:39 Panda_SS     : xd
11:40 Panda_SS     : ولی گاد سرور میشه پینگ درست بشه
11:40 ArtinLand    : اره
11:40 ArtinLand    : بازی راست میدونی چیه
11:40 Panda_SS     : تازه باید یه پلاگین پیدا کنیم تا سرور رو برای ایران بکنیم ریجن رو
11:40 ArtinLand    : اره
11:41 ArtinLand    : بازی راست بلدی
11:41 Panda_SS     : ن
11:41 ArtinLand    : نشنیدی
11:41 Panda_SS     : چقد برفی شد
11:41 ArtinLand    : اسمشو
11:41 Panda_SS     : چرا دیدم
11:41 Panda_SS     : عموم داره بازی میکنه
11:41 ArtinLand    : اره
11:41 ArtinLand    : عه کیه عموت
11:41 Panda_SS     : عمو به کی میگن :/
11:41 ArtinLand    : اسمش
11:42 Panda_SS     : محسن
11:42 Panda_SS     : the best server role play
11:42 Panda_SS     : reload میکنم
11:42 ArtinLand    : نههههههههههههههههههههههه
11:43 ArtinLand : عه
11:43 Panda_SS  : خب باید پلاگین لاگین درست کنم
11:43 Panda_SS  : ب
11:43 ArtinLand : اره
11:44 ArtinLand : اوکیه
11:44 Panda_SS  : ها رجستر کن
